<?xml version="1.0" encoding="utf-8" ?>
<!DOCTYPE html PUBLIC "-//W3C//DTD XHTML 1.0 Strict//EN"
        "http://www.w3.org/TR/xhtml1/DTD/xhtml1-strict.dtd">
<html xmlns="http://www.w3.org/1999/xhtml" xml:lang="" lang="">
<head>
  <title>Test Results Report - ninja Test</title>
  <meta http-equiv="Content-Type" content="text/html;charset=utf-8" />
  <meta name="description" content="TestNG unit test results." />
  <link href="reportng.css" rel="stylesheet" type="text/css" />
    <script type="text/javascript" src="reportng.js"></script>
</head>
<body>
<h1>ninja Test</h1>
<p>
  Test duration: 111.319s
</p>



  <table class="resultsTable">
    <tr><th colspan="3" class="header failed">Failed Tests</th></tr>
          <tr>
        <td colspan="3" class="group">com.tutorialsninja.testsuite.DesktopsTest</td>
      </tr>
            
<tr>
  <td class="method">
                  verifyProductAddedToShoppingCartSuccessFully
      </td>
  <td class="duration">
    4.867s
  </td>
  <td class="result">
        
    
            <div class="testOutput">
                        Click to see screenshot
                                <a target = "_blank" href=C:\Users\MANIS\IdeaProjects\com-tutorialsninja-sw-5/test-output/html/verifyProductAddedToShoppingCartSuccessFullyTue_Jul_18_16_24_19_BST_2023.jpg>Screenshot</a>
                                <br>
                                <br>
                                <a target = "_blank" href=C:\Users\MANIS\IdeaProjects\com-tutorialsninja-sw-5/test-output/html/verifyProductAddedToShoppingCartSuccessFullyTue_Jul_18_16_24_19_BST_2023.jpg><img src=C:\Users\MANIS\IdeaProjects\com-tutorialsninja-sw-5/test-output/html/verifyProductAddedToShoppingCartSuccessFullyTue_Jul_18_16_24_19_BST_2023.jpg height=200 width=200></img></a>
                  </div>
    

        <a href="javascript:toggleElement('exception-0', 'block')" title="Click to expand/collapse"><b>org.openqa.selenium.ElementClickInterceptedException: element click intercepted: Element &lt;a href=&quot;https://tutorialsninja.com/demo/index.php?route=checkout/cart&quot;&gt;...&lt;/a&gt; is not clickable at point (491, 8). Other element would receive the click: &lt;div class=&quot;container&quot;&gt;...&lt;/div&gt;<br/>
&nbsp; (Session info: chrome=114.0.5735.199)<br/>
Build info: version: &apos;4.10.0&apos;, revision: &apos;c14d967899&apos;<br/>
System info: os.name: &apos;Windows 10&apos;, os.arch: &apos;amd64&apos;, os.version: &apos;10.0&apos;, java.version: &apos;1.8.0_121&apos;<br/>
Driver info: org.openqa.selenium.chrome.ChromeDriver<br/>
Command: [9271aeb6893b8bcef19fb5a6e583a4ad, clickElement {id=7203E6CBFF4C2ECEE83372D46CDDEB45_element_191}]<br/>
Capabilities {acceptInsecureCerts: false, browserName: chrome, browserVersion: 114.0.5735.199, chrome: {chromedriverVersion: 114.0.5735.90 (386bc09e8f4f..., userDataDir: C:\Users\MANIS\AppData\Loca...}, goog:chromeOptions: {debuggerAddress: localhost:59246}, networkConnectionEnabled: false, pageLoadStrategy: normal, platformName: windows, proxy: Proxy(), se:cdp: ws://localhost:59246/devtoo..., se:cdpVersion: 114.0.5735.199, setWindowRect: true, strictFileInteractability: false, timeouts: {implicit: 0, pageLoad: 300000, script: 30000}, unhandledPromptBehavior: dismiss and notify, webauthn:extension:credBlob: true, webauthn:extension:largeBlob: true, webauthn:extension:minPinLength: true, webauthn:extension:prf: true, webauthn:virtualAuthenticators: true}<br/>
Element: [[ChromeDriver: chrome on windows (9271aeb6893b8bcef19fb5a6e583a4ad)] -&gt; css selector: div[class=&apos;alert alert-success alert-dismissible&apos;] a:nth-child(2)]<br/>
Session ID: 9271aeb6893b8bcef19fb5a6e583a4ad</b></a><br />
    <div class="stackTrace" id="exception-0">
              sun.reflect.NativeConstructorAccessorImpl.newInstance0(Native Method)<br />
              sun.reflect.NativeConstructorAccessorImpl.newInstance(NativeConstructorAccessorImpl.java:62)<br />
              sun.reflect.DelegatingConstructorAccessorImpl.newInstance(DelegatingConstructorAccessorImpl.java:45)<br />
              java.lang.reflect.Constructor.newInstance(Constructor.java:423)<br />
              org.openqa.selenium.remote.codec.w3c.W3CHttpResponseCodec.createException(W3CHttpResponseCodec.java:199)<br />
              org.openqa.selenium.remote.codec.w3c.W3CHttpResponseCodec.decode(W3CHttpResponseCodec.java:132)<br />
              org.openqa.selenium.remote.codec.w3c.W3CHttpResponseCodec.decode(W3CHttpResponseCodec.java:51)<br />
              org.openqa.selenium.remote.HttpCommandExecutor.execute(HttpCommandExecutor.java:191)<br />
              org.openqa.selenium.remote.service.DriverCommandExecutor.invokeExecute(DriverCommandExecutor.java:196)<br />
              org.openqa.selenium.remote.service.DriverCommandExecutor.execute(DriverCommandExecutor.java:171)<br />
              org.openqa.selenium.remote.RemoteWebDriver.execute(RemoteWebDriver.java:531)<br />
              org.openqa.selenium.remote.RemoteWebElement.execute(RemoteWebElement.java:242)<br />
              org.openqa.selenium.remote.RemoteWebElement.click(RemoteWebElement.java:77)<br />
              sun.reflect.GeneratedMethodAccessor2.invoke(Unknown Source)<br />
              sun.reflect.DelegatingMethodAccessorImpl.invoke(DelegatingMethodAccessorImpl.java:43)<br />
              java.lang.reflect.Method.invoke(Method.java:498)<br />
              org.openqa.selenium.support.pagefactory.internal.LocatingElementHandler.invoke(LocatingElementHandler.java:51)<br />
              com.sun.proxy.$Proxy16.click(Unknown Source)<br />
              com.tutorialsninja.utilities.Utility.clickOnElement(Utility.java:61)<br />
              com.tutorialsninja.pages.DesktopsPage.clickOnShoppingcart(DesktopsPage.java:101)<br />
              com.tutorialsninja.testsuite.DesktopsTest.verifyProductAddedToShoppingCartSuccessFully(DesktopsTest.java:63)<br />
              sun.reflect.NativeMethodAccessorImpl.invoke0(Native Method)<br />
              sun.reflect.NativeMethodAccessorImpl.invoke(NativeMethodAccessorImpl.java:62)<br />
              sun.reflect.DelegatingMethodAccessorImpl.invoke(DelegatingMethodAccessorImpl.java:43)<br />
              java.lang.reflect.Method.invoke(Method.java:498)<br />
              org.testng.internal.invokers.MethodInvocationHelper.invokeMethod(MethodInvocationHelper.java:135)<br />
              org.testng.internal.invokers.TestInvoker.invokeMethod(TestInvoker.java:673)<br />
              org.testng.internal.invokers.TestInvoker.invokeTestMethod(TestInvoker.java:220)<br />
              org.testng.internal.invokers.MethodRunner.runInSequence(MethodRunner.java:50)<br />
              org.testng.internal.invokers.TestInvoker$MethodInvocationAgent.invoke(TestInvoker.java:945)<br />
              org.testng.internal.invokers.TestInvoker.invokeTestMethods(TestInvoker.java:193)<br />
              org.testng.internal.invokers.TestMethodWorker.invokeTestMethods(TestMethodWorker.java:146)<br />
              org.testng.internal.invokers.TestMethodWorker.run(TestMethodWorker.java:128)<br />
              java.util.ArrayList.forEach(ArrayList.java:1249)<br />
              org.testng.TestRunner.privateRun(TestRunner.java:808)<br />
              org.testng.TestRunner.run(TestRunner.java:603)<br />
              org.testng.SuiteRunner.runTest(SuiteRunner.java:429)<br />
              org.testng.SuiteRunner.runSequentially(SuiteRunner.java:423)<br />
              org.testng.SuiteRunner.privateRun(SuiteRunner.java:383)<br />
              org.testng.SuiteRunner.run(SuiteRunner.java:326)<br />
              org.testng.SuiteRunnerWorker.runSuite(SuiteRunnerWorker.java:52)<br />
              org.testng.SuiteRunnerWorker.run(SuiteRunnerWorker.java:95)<br />
              org.testng.TestNG.runSuitesSequentially(TestNG.java:1249)<br />
              org.testng.TestNG.runSuitesLocally(TestNG.java:1169)<br />
              org.testng.TestNG.runSuites(TestNG.java:1092)<br />
              org.testng.TestNG.run(TestNG.java:1060)<br />
              com.intellij.rt.testng.IDEARemoteTestNG.run(IDEARemoteTestNG.java:66)<br />
              com.intellij.rt.testng.RemoteTestNGStarter.main(RemoteTestNGStarter.java:105)<br />
                </div>
      </td>
</tr>
          <tr>
        <td colspan="3" class="group">com.tutorialsninja.testsuite.MyAccountTest</td>
      </tr>
            
<tr>
  <td class="method">
                  verifyThatUserRegisterAccountSuccessfully
      </td>
  <td class="duration">
    22.868s
  </td>
  <td class="result">
        
    
            <div class="testOutput">
                        Click to see screenshot
                                <a target = "_blank" href=C:\Users\MANIS\IdeaProjects\com-tutorialsninja-sw-5/test-output/html/verifyThatUserRegisterAccountSuccessfullyTue_Jul_18_16_23_25_BST_2023.jpg>Screenshot</a>
                                <br>
                                <br>
                                <a target = "_blank" href=C:\Users\MANIS\IdeaProjects\com-tutorialsninja-sw-5/test-output/html/verifyThatUserRegisterAccountSuccessfullyTue_Jul_18_16_23_25_BST_2023.jpg><img src=C:\Users\MANIS\IdeaProjects\com-tutorialsninja-sw-5/test-output/html/verifyThatUserRegisterAccountSuccessfullyTue_Jul_18_16_23_25_BST_2023.jpg height=200 width=200></img></a>
                  </div>
    

        <a href="javascript:toggleElement('exception-1', 'block')" title="Click to expand/collapse"><b>org.openqa.selenium.NoSuchElementException: no such element: Unable to locate element: {&quot;method&quot;:&quot;xpath&quot;,&quot;selector&quot;:&quot;//h1[contains(text(),&apos;Your Account Has Been Created!&apos;)]&quot;}<br/>
&nbsp; (Session info: chrome=114.0.5735.199)<br/>
For documentation on this error, please visit: https://www.selenium.dev/documentation/webdriver/troubleshooting/errors#no-such-element-exception<br/>
Build info: version: &apos;4.10.0&apos;, revision: &apos;c14d967899&apos;<br/>
System info: os.name: &apos;Windows 10&apos;, os.arch: &apos;amd64&apos;, os.version: &apos;10.0&apos;, java.version: &apos;1.8.0_121&apos;<br/>
Driver info: org.openqa.selenium.chrome.ChromeDriver<br/>
Command: [8359c1ee74bc2ab698873e3e66ed94c4, findElement {using=xpath, value=//h1[contains(text(),&apos;Your Account Has Been Created!&apos;)]}]<br/>
Capabilities {acceptInsecureCerts: false, browserName: chrome, browserVersion: 114.0.5735.199, chrome: {chromedriverVersion: 114.0.5735.90 (386bc09e8f4f..., userDataDir: C:\Users\MANIS\AppData\Loca...}, goog:chromeOptions: {debuggerAddress: localhost:59088}, networkConnectionEnabled: false, pageLoadStrategy: normal, platformName: windows, proxy: Proxy(), se:cdp: ws://localhost:59088/devtoo..., se:cdpVersion: 114.0.5735.199, setWindowRect: true, strictFileInteractability: false, timeouts: {implicit: 0, pageLoad: 300000, script: 30000}, unhandledPromptBehavior: dismiss and notify, webauthn:extension:credBlob: true, webauthn:extension:largeBlob: true, webauthn:extension:minPinLength: true, webauthn:extension:prf: true, webauthn:virtualAuthenticators: true}<br/>
Session ID: 8359c1ee74bc2ab698873e3e66ed94c4</b></a><br />
    <div class="stackTrace" id="exception-1">
              sun.reflect.NativeConstructorAccessorImpl.newInstance0(Native Method)<br />
              sun.reflect.NativeConstructorAccessorImpl.newInstance(NativeConstructorAccessorImpl.java:62)<br />
              sun.reflect.DelegatingConstructorAccessorImpl.newInstance(DelegatingConstructorAccessorImpl.java:45)<br />
              java.lang.reflect.Constructor.newInstance(Constructor.java:423)<br />
              org.openqa.selenium.remote.codec.w3c.W3CHttpResponseCodec.createException(W3CHttpResponseCodec.java:199)<br />
              org.openqa.selenium.remote.codec.w3c.W3CHttpResponseCodec.decode(W3CHttpResponseCodec.java:132)<br />
              org.openqa.selenium.remote.codec.w3c.W3CHttpResponseCodec.decode(W3CHttpResponseCodec.java:51)<br />
              org.openqa.selenium.remote.HttpCommandExecutor.execute(HttpCommandExecutor.java:191)<br />
              org.openqa.selenium.remote.service.DriverCommandExecutor.invokeExecute(DriverCommandExecutor.java:196)<br />
              org.openqa.selenium.remote.service.DriverCommandExecutor.execute(DriverCommandExecutor.java:171)<br />
              org.openqa.selenium.remote.RemoteWebDriver.execute(RemoteWebDriver.java:531)<br />
              org.openqa.selenium.remote.ElementLocation$ElementFinder$2.findElement(ElementLocation.java:165)<br />
              org.openqa.selenium.remote.ElementLocation.findElement(ElementLocation.java:59)<br />
              org.openqa.selenium.remote.RemoteWebDriver.findElement(RemoteWebDriver.java:350)<br />
              org.openqa.selenium.remote.RemoteWebDriver.findElement(RemoteWebDriver.java:344)<br />
              org.openqa.selenium.support.pagefactory.DefaultElementLocator.findElement(DefaultElementLocator.java:68)<br />
              org.openqa.selenium.support.pagefactory.internal.LocatingElementHandler.invoke(LocatingElementHandler.java:38)<br />
              com.sun.proxy.$Proxy16.getText(Unknown Source)<br />
              com.tutorialsninja.utilities.Utility.getTextFromElement(Utility.java:72)<br />
              com.tutorialsninja.utilities.Utility.assertVerifyText(Utility.java:396)<br />
              com.tutorialsninja.pages.RegisterPage.verifySuccessMessage(RegisterPage.java:91)<br />
              com.tutorialsninja.testsuite.MyAccountTest.verifyThatUserRegisterAccountSuccessfully(MyAccountTest.java:67)<br />
              sun.reflect.NativeMethodAccessorImpl.invoke0(Native Method)<br />
              sun.reflect.NativeMethodAccessorImpl.invoke(NativeMethodAccessorImpl.java:62)<br />
              sun.reflect.DelegatingMethodAccessorImpl.invoke(DelegatingMethodAccessorImpl.java:43)<br />
              java.lang.reflect.Method.invoke(Method.java:498)<br />
              org.testng.internal.invokers.MethodInvocationHelper.invokeMethod(MethodInvocationHelper.java:135)<br />
              org.testng.internal.invokers.TestInvoker.invokeMethod(TestInvoker.java:673)<br />
              org.testng.internal.invokers.TestInvoker.invokeTestMethod(TestInvoker.java:220)<br />
              org.testng.internal.invokers.MethodRunner.runInSequence(MethodRunner.java:50)<br />
              org.testng.internal.invokers.TestInvoker$MethodInvocationAgent.invoke(TestInvoker.java:945)<br />
              org.testng.internal.invokers.TestInvoker.invokeTestMethods(TestInvoker.java:193)<br />
              org.testng.internal.invokers.TestMethodWorker.invokeTestMethods(TestMethodWorker.java:146)<br />
              org.testng.internal.invokers.TestMethodWorker.run(TestMethodWorker.java:128)<br />
              java.util.ArrayList.forEach(ArrayList.java:1249)<br />
              org.testng.TestRunner.privateRun(TestRunner.java:808)<br />
              org.testng.TestRunner.run(TestRunner.java:603)<br />
              org.testng.SuiteRunner.runTest(SuiteRunner.java:429)<br />
              org.testng.SuiteRunner.runSequentially(SuiteRunner.java:423)<br />
              org.testng.SuiteRunner.privateRun(SuiteRunner.java:383)<br />
              org.testng.SuiteRunner.run(SuiteRunner.java:326)<br />
              org.testng.SuiteRunnerWorker.runSuite(SuiteRunnerWorker.java:52)<br />
              org.testng.SuiteRunnerWorker.run(SuiteRunnerWorker.java:95)<br />
              org.testng.TestNG.runSuitesSequentially(TestNG.java:1249)<br />
              org.testng.TestNG.runSuitesLocally(TestNG.java:1169)<br />
              org.testng.TestNG.runSuites(TestNG.java:1092)<br />
              org.testng.TestNG.run(TestNG.java:1060)<br />
              com.intellij.rt.testng.IDEARemoteTestNG.run(IDEARemoteTestNG.java:66)<br />
              com.intellij.rt.testng.RemoteTestNGStarter.main(RemoteTestNGStarter.java:105)<br />
                </div>
      </td>
</tr>
      </table>


  <table class="resultsTable">
    <tr><th colspan="3" class="header passed">Passed Tests</th></tr>
          <tr>
        <td colspan="3" class="group">com.tutorialsninja.testsuite.DesktopsTest</td>
      </tr>
            
<tr>
  <td class="method">
                  verifyProductArrangeInAlphaBaticalOrder
      </td>
  <td class="duration">
    2.047s
  </td>
  <td class="result">
        
    
            <div class="testOutput">
                        Click to see screenshot
                                <a target = "_blank" href=C:\Users\MANIS\IdeaProjects\com-tutorialsninja-sw-5/test-output/html/verifyProductArrangeInAlphaBaticalOrderTue_Jul_18_16_24_26_BST_2023.jpg>Screenshot</a>
                                <br>
                                <br>
                                <a target = "_blank" href=C:\Users\MANIS\IdeaProjects\com-tutorialsninja-sw-5/test-output/html/verifyProductArrangeInAlphaBaticalOrderTue_Jul_18_16_24_26_BST_2023.jpg><img src=C:\Users\MANIS\IdeaProjects\com-tutorialsninja-sw-5/test-output/html/verifyProductArrangeInAlphaBaticalOrderTue_Jul_18_16_24_26_BST_2023.jpg height=200 width=200></img></a>
                  </div>
    

      </td>
</tr>
          <tr>
        <td colspan="3" class="group">com.tutorialsninja.testsuite.LaptopsAndNotebooksTest</td>
      </tr>
            
<tr>
  <td class="method">
                  verifyProductsPriceDisplayHighToLowSuccessfully
      </td>
  <td class="duration">
    1.727s
  </td>
  <td class="result">
        
    
            <div class="testOutput">
                        Click to see screenshot
                                <a target = "_blank" href=C:\Users\MANIS\IdeaProjects\com-tutorialsninja-sw-5/test-output/html/verifyProductsPriceDisplayHighToLowSuccessfullyTue_Jul_18_16_22_42_BST_2023.jpg>Screenshot</a>
                                <br>
                                <br>
                                <a target = "_blank" href=C:\Users\MANIS\IdeaProjects\com-tutorialsninja-sw-5/test-output/html/verifyProductsPriceDisplayHighToLowSuccessfullyTue_Jul_18_16_22_42_BST_2023.jpg><img src=C:\Users\MANIS\IdeaProjects\com-tutorialsninja-sw-5/test-output/html/verifyProductsPriceDisplayHighToLowSuccessfullyTue_Jul_18_16_22_42_BST_2023.jpg height=200 width=200></img></a>
                  </div>
    

      </td>
</tr>
<tr>
  <td class="method">
                  verifyThatUserPlaceOrderSuccessfully
      </td>
  <td class="duration">
    9.231s
  </td>
  <td class="result">
        
    
            <div class="testOutput">
                        Click to see screenshot
                                <a target = "_blank" href=C:\Users\MANIS\IdeaProjects\com-tutorialsninja-sw-5/test-output/html/verifyThatUserPlaceOrderSuccessfullyTue_Jul_18_16_22_57_BST_2023.jpg>Screenshot</a>
                                <br>
                                <br>
                                <a target = "_blank" href=C:\Users\MANIS\IdeaProjects\com-tutorialsninja-sw-5/test-output/html/verifyThatUserPlaceOrderSuccessfullyTue_Jul_18_16_22_57_BST_2023.jpg><img src=C:\Users\MANIS\IdeaProjects\com-tutorialsninja-sw-5/test-output/html/verifyThatUserPlaceOrderSuccessfullyTue_Jul_18_16_22_57_BST_2023.jpg height=200 width=200></img></a>
                  </div>
    

      </td>
</tr>
          <tr>
        <td colspan="3" class="group">com.tutorialsninja.testsuite.MyAccountTest</td>
      </tr>
            
<tr>
  <td class="method">
                  verifyThatUserShouldLoginAndLogoutSuccessfully
      </td>
  <td class="duration">
    3.070s
  </td>
  <td class="result">
        
    
            <div class="testOutput">
                        Click to see screenshot
                                <a target = "_blank" href=C:\Users\MANIS\IdeaProjects\com-tutorialsninja-sw-5/test-output/html/verifyThatUserShouldLoginAndLogoutSuccessfullyTue_Jul_18_16_23_33_BST_2023.jpg>Screenshot</a>
                                <br>
                                <br>
                                <a target = "_blank" href=C:\Users\MANIS\IdeaProjects\com-tutorialsninja-sw-5/test-output/html/verifyThatUserShouldLoginAndLogoutSuccessfullyTue_Jul_18_16_23_33_BST_2023.jpg><img src=C:\Users\MANIS\IdeaProjects\com-tutorialsninja-sw-5/test-output/html/verifyThatUserShouldLoginAndLogoutSuccessfullyTue_Jul_18_16_23_33_BST_2023.jpg height=200 width=200></img></a>
                  </div>
    

      </td>
</tr>
<tr>
  <td class="method">
                  verifyUserShouldNavigateToLoginPageSuccessfully
      </td>
  <td class="duration">
    0.705s
  </td>
  <td class="result">
        
    
            <div class="testOutput">
                        Click to see screenshot
                                <a target = "_blank" href=C:\Users\MANIS\IdeaProjects\com-tutorialsninja-sw-5/test-output/html/verifyUserShouldNavigateToLoginPageSuccessfullyTue_Jul_18_16_23_40_BST_2023.jpg>Screenshot</a>
                                <br>
                                <br>
                                <a target = "_blank" href=C:\Users\MANIS\IdeaProjects\com-tutorialsninja-sw-5/test-output/html/verifyUserShouldNavigateToLoginPageSuccessfullyTue_Jul_18_16_23_40_BST_2023.jpg><img src=C:\Users\MANIS\IdeaProjects\com-tutorialsninja-sw-5/test-output/html/verifyUserShouldNavigateToLoginPageSuccessfullyTue_Jul_18_16_23_40_BST_2023.jpg height=200 width=200></img></a>
                  </div>
    

      </td>
</tr>
<tr>
  <td class="method">
                  verifyUserShouldNavigateToRegisterPageSuccessfully
      </td>
  <td class="duration">
    0.985s
  </td>
  <td class="result">
        
    
            <div class="testOutput">
                        Click to see screenshot
                                <a target = "_blank" href=C:\Users\MANIS\IdeaProjects\com-tutorialsninja-sw-5/test-output/html/verifyUserShouldNavigateToRegisterPageSuccessfullyTue_Jul_18_16_23_47_BST_2023.jpg>Screenshot</a>
                                <br>
                                <br>
                                <a target = "_blank" href=C:\Users\MANIS\IdeaProjects\com-tutorialsninja-sw-5/test-output/html/verifyUserShouldNavigateToRegisterPageSuccessfullyTue_Jul_18_16_23_47_BST_2023.jpg><img src=C:\Users\MANIS\IdeaProjects\com-tutorialsninja-sw-5/test-output/html/verifyUserShouldNavigateToRegisterPageSuccessfullyTue_Jul_18_16_23_47_BST_2023.jpg height=200 width=200></img></a>
                  </div>
    

      </td>
</tr>
          <tr>
        <td colspan="3" class="group">com.tutorialsninja.testsuite.TopMenuTest</td>
      </tr>
            
<tr>
  <td class="method">
                  verifyUserShouldNavigateToComponentsPageSuccessfully
      </td>
  <td class="duration">
    1.006s
  </td>
  <td class="result">
        
    
            <div class="testOutput">
                        Click to see screenshot
                                <a target = "_blank" href=C:\Users\MANIS\IdeaProjects\com-tutorialsninja-sw-5/test-output/html/verifyUserShouldNavigateToComponentsPageSuccessfullyTue_Jul_18_16_23_53_BST_2023.jpg>Screenshot</a>
                                <br>
                                <br>
                                <a target = "_blank" href=C:\Users\MANIS\IdeaProjects\com-tutorialsninja-sw-5/test-output/html/verifyUserShouldNavigateToComponentsPageSuccessfullyTue_Jul_18_16_23_53_BST_2023.jpg><img src=C:\Users\MANIS\IdeaProjects\com-tutorialsninja-sw-5/test-output/html/verifyUserShouldNavigateToComponentsPageSuccessfullyTue_Jul_18_16_23_53_BST_2023.jpg height=200 width=200></img></a>
                  </div>
    

      </td>
</tr>
<tr>
  <td class="method">
                  verifyUserShouldNavigateToDesktopsPageSuccessfully
      </td>
  <td class="duration">
    1.345s
  </td>
  <td class="result">
        
    
            <div class="testOutput">
                        Click to see screenshot
                                <a target = "_blank" href=C:\Users\MANIS\IdeaProjects\com-tutorialsninja-sw-5/test-output/html/verifyUserShouldNavigateToDesktopsPageSuccessfullyTue_Jul_18_16_24_01_BST_2023.jpg>Screenshot</a>
                                <br>
                                <br>
                                <a target = "_blank" href=C:\Users\MANIS\IdeaProjects\com-tutorialsninja-sw-5/test-output/html/verifyUserShouldNavigateToDesktopsPageSuccessfullyTue_Jul_18_16_24_01_BST_2023.jpg><img src=C:\Users\MANIS\IdeaProjects\com-tutorialsninja-sw-5/test-output/html/verifyUserShouldNavigateToDesktopsPageSuccessfullyTue_Jul_18_16_24_01_BST_2023.jpg height=200 width=200></img></a>
                  </div>
    

      </td>
</tr>
<tr>
  <td class="method">
                  verifyUserShouldNavigateToLaptopsAndNotebooksPageSuccessfully
      </td>
  <td class="duration">
    2.076s
  </td>
  <td class="result">
        
    
            <div class="testOutput">
                        Click to see screenshot
                                <a target = "_blank" href=C:\Users\MANIS\IdeaProjects\com-tutorialsninja-sw-5/test-output/html/verifyUserShouldNavigateToLaptopsAndNotebooksPageSuccessfullyTue_Jul_18_16_24_08_BST_2023.jpg>Screenshot</a>
                                <br>
                                <br>
                                <a target = "_blank" href=C:\Users\MANIS\IdeaProjects\com-tutorialsninja-sw-5/test-output/html/verifyUserShouldNavigateToLaptopsAndNotebooksPageSuccessfullyTue_Jul_18_16_24_08_BST_2023.jpg><img src=C:\Users\MANIS\IdeaProjects\com-tutorialsninja-sw-5/test-output/html/verifyUserShouldNavigateToLaptopsAndNotebooksPageSuccessfullyTue_Jul_18_16_24_08_BST_2023.jpg height=200 width=200></img></a>
                  </div>
    

      </td>
</tr>
      </table>
  
</body>
</html>
